<?xml version="1.0" encoding="UTF-8"?>
<!-- Generated by org.testng.reporters.JUnitXMLReporter -->
<testsuite ignored="0" hostname="Devil-World-1999JAN" failures="0" tests="3" name="Default test" time="0.035" errors="0" timestamp="2022-12-21T00:02:05 IST">
  <testcase classname="facebookautomation.Priority_Test" name="DeleteUser" time="0.008"/>
  <testcase classname="facebookautomation.Priority_Test" name="createUser" time="0.001"/>
  <testcase classname="facebookautomation.Priority_Test" name="LoginUser" time="0.001"/>
</testsuite> <!-- Default test -->
