<?xml version="1.0" encoding="UTF-8"?>
<testng-results ignored="0" total="3" passed="3" failed="0" skipped="0">
  <reporter-output>
  </reporter-output>
  <suite started-at="2022-12-21T00:02:05 IST" name="Default suite" finished-at="2022-12-21T00:02:05 IST" duration-ms="35">
    <groups>
    </groups>
    <test started-at="2022-12-21T00:02:05 IST" name="Default test" finished-at="2022-12-21T00:02:05 IST" duration-ms="35">
      <class name="facebookautomation.Priority_Test">
        <test-method signature="DeleteUser()[pri:1, instance:facebookautomation.Priority_Test@30ee2816]" started-at="2022-12-21T00:02:05 IST" name="DeleteUser" finished-at="2022-12-21T00:02:05 IST" duration-ms="8" status="PASS">
          <reporter-output>
          </reporter-output>
        </test-method> <!-- DeleteUser -->
        <test-method signature="createUser()[pri:2, instance:facebookautomation.Priority_Test@30ee2816]" started-at="2022-12-21T00:02:05 IST" name="createUser" finished-at="2022-12-21T00:02:05 IST" duration-ms="1" status="PASS">
          <reporter-output>
          </reporter-output>
        </test-method> <!-- createUser -->
        <test-method signature="LoginUser()[pri:3, instance:facebookautomation.Priority_Test@30ee2816]" started-at="2022-12-21T00:02:05 IST" name="LoginUser" finished-at="2022-12-21T00:02:05 IST" duration-ms="1" status="PASS">
          <reporter-output>
          </reporter-output>
        </test-method> <!-- LoginUser -->
      </class> <!-- facebookautomation.Priority_Test -->
    </test> <!-- Default test -->
  </suite> <!-- Default suite -->
</testng-results>
